[debug] [2023-05-29T21:35:21.798Z] ----------------------------------------------------------------------
[debug] [2023-05-29T21:35:21.800Z] Command:       C:\Program Files\nodejs\node.exe C:\Program Files\nodejs\node_modules\firebase-tools\lib\bin\firebase.js init
[debug] [2023-05-29T21:35:21.800Z] CLI Version:   12.2.1
[debug] [2023-05-29T21:35:21.801Z] Platform:      win32
[debug] [2023-05-29T21:35:21.801Z] Node Version:  v16.15.1
[debug] [2023-05-29T21:35:21.801Z] Time:          Tue May 30 2023 00:35:21 GMT+0300 (за східноєвропейським літнім часом)
[debug] [2023-05-29T21:35:21.802Z] ----------------------------------------------------------------------
[debug] 
[debug] [2023-05-29T21:35:21.807Z] > command requires scopes: ["email","openid","https://www.googleapis.com/auth/cloudplatformprojects.readonly","https://www.googleapis.com/auth/firebase","https://www.googleapis.com/auth/cloud-platform"]
[debug] [2023-05-29T21:35:21.808Z] > authorizing via signed-in user (bettybetty956@gmail.com)
[info] 
     ######## #### ########  ######## ########     ###     ######  ########
     ##        ##  ##     ## ##       ##     ##  ##   ##  ##       ##
     ######    ##  ########  ######   ########  #########  ######  ######
     ##        ##  ##    ##  ##       ##     ## ##     ##       ## ##
     ##       #### ##     ## ######## ########  ##     ##  ######  ########

You're about to initialize a Firebase project in this directory:

  C:\Users\user\Desktop\IT\Udemy\Angular\Minin\portfolio-blog

[info] 
=== Project Setup
[info] 
[info] First, let's associate this project directory with a Firebase project.
[info] You can create multiple project aliases by running firebase use --add, 
[info] but for now we'll just set up a default project.
[info] 
